<?xml version="1.0" encoding="UTF-8"?>
<robot generator="Robot 7.1.1 (Python 3.11.9 on win32)" generated="2024-10-29T12:20:04.912673" rpa="false" schemaversion="5">
<suite id="s1" name="Robo Test Cases" source="C:\Users\anaramac\Documents\Codes\Fastapi\robo_test_cases.robot">
<test id="s1-t1" name="Verify Hello World is Displayed" line="8">
<kw name="Open Browser" owner="SeleniumLibrary">
<msg time="2024-10-29T12:20:05.472381" level="INFO">Opening browser 'chrome' to base url 'http://localhost:8000'.</msg>
<arg>${URL}</arg>
<arg>chrome</arg>
<doc>Opens a new browser instance to the optional ``url``.</doc>
<status status="PASS" start="2024-10-29T12:20:05.471381" elapsed="4.180850"/>
</kw>
<kw name="Page Should Contain" owner="SeleniumLibrary">
<msg time="2024-10-29T12:20:09.730764" level="INFO">Current page contains text 'Hello World'.</msg>
<arg>Hello World</arg>
<doc>Verifies that current page contains ``text``.</doc>
<status status="PASS" start="2024-10-29T12:20:09.655556" elapsed="0.075739"/>
</kw>
<kw name="Close Browser" owner="SeleniumLibrary">
<doc>Closes the current browser.</doc>
<status status="PASS" start="2024-10-29T12:20:09.732428" elapsed="2.957597"/>
</kw>
<status status="PASS" start="2024-10-29T12:20:05.470382" elapsed="7.221389"/>
</test>
<status status="PASS" start="2024-10-29T12:20:04.916674" elapsed="7.779557"/>
</suite>
<statistics>
<total>
<stat pass="1" fail="0" skip="0">All Tests</stat>
</total>
<tag>
</tag>
<suite>
<stat pass="1" fail="0" skip="0" id="s1" name="Robo Test Cases">Robo Test Cases</stat>
</suite>
</statistics>
<errors>
</errors>
</robot>
