<?xml version="1.0" encoding="UTF-8"?>
<robot generator="Robot 7.1.1 (Python 3.11.9 on win32)" generated="2024-10-28T14:57:04.727370" rpa="false" schemaversion="5">
<suite id="s1" name="Robo Test Cases" source="C:\Users\anaramac\Documents\Codes\Fastapi\robo_test_cases.robot">
<test id="s1-t1" name="Verify Hello World is Displayed" line="8">
<kw name="Open Browser" owner="SeleniumLibrary">
<msg time="2024-10-28T14:57:05.052145" level="INFO">Opening browser 'chrome' to base url 'http://localhost:8000'.</msg>
<arg>${URL}</arg>
<arg>chrome</arg>
<doc>Opens a new browser instance to the optional ``url``.</doc>
<status status="PASS" start="2024-10-28T14:57:05.052145" elapsed="2.116058"/>
</kw>
<kw name="Page Should Contain" owner="SeleniumLibrary">
<msg time="2024-10-28T14:57:07.205884" level="INFO">Current page contains text 'Hello World'.</msg>
<arg>Hello World</arg>
<doc>Verifies that current page contains ``text``.</doc>
<status status="PASS" start="2024-10-28T14:57:07.169256" elapsed="0.036628"/>
</kw>
<kw name="Close Browser" owner="SeleniumLibrary">
<doc>Closes the current browser.</doc>
<status status="PASS" start="2024-10-28T14:57:07.207486" elapsed="2.373432"/>
</kw>
<status status="PASS" start="2024-10-28T14:57:05.051146" elapsed="4.530693"/>
</test>
<status status="PASS" start="2024-10-28T14:57:04.729502" elapsed="4.854754"/>
</suite>
<statistics>
<total>
<stat pass="1" fail="0" skip="0">All Tests</stat>
</total>
<tag>
</tag>
<suite>
<stat pass="1" fail="0" skip="0" id="s1" name="Robo Test Cases">Robo Test Cases</stat>
</suite>
</statistics>
<errors>
</errors>
</robot>
